2024-01-26 01:29:25 | INFO | __init__.py:2223 | Started!
2024-01-26 01:29:33 | INFO | __init__.py:2223 | [255300195] Одноклассники
2024-01-26 01:29:44 | INFO | __init__.py:2223 | [255300195] Sending post to 
2024-01-26 01:29:44 | INFO | __init__.py:2223 | [255300195] Reposting to another group
2024-01-26 01:29:58 | INFO | __init__.py:2223 | [255300195] Sending post to 
2024-01-26 01:29:58 | INFO | __init__.py:2223 | [255300195] Reposting to another group
2024-01-26 01:30:41 | INFO | __init__.py:2223 | Started!
2024-01-26 01:30:50 | INFO | __init__.py:2223 | [255300195] Одноклассники
2024-01-26 01:30:58 | INFO | __init__.py:2223 | [255300195] Group закладки2
2024-01-26 01:31:00 | INFO | __init__.py:2223 | [255300195] Sending post to 
2024-01-26 01:32:02 | INFO | __init__.py:2223 | Started!
2024-01-26 01:32:13 | INFO | __init__.py:2223 | [255300195] Одноклассники
2024-01-26 01:32:23 | INFO | __init__.py:2223 | [255300195] Sending post to закладки2
2024-01-26 01:32:23 | INFO | __init__.py:2223 | [255300195] Reposting to another group
2024-01-26 01:32:38 | INFO | __init__.py:2223 | [255300195] Sending post to закладки
2024-01-26 01:32:38 | INFO | __init__.py:2223 | [255300195] Reposting to another group
2024-01-26 01:32:50 | INFO | __init__.py:2223 | [255300195] Reposting to another group
2024-01-26 01:34:48 | INFO | __init__.py:2223 | Started!
2024-01-26 01:34:57 | INFO | __init__.py:2223 | [255300195] Одноклассники
2024-01-26 01:35:07 | INFO | __init__.py:2223 | [255300195] Sending post to закладки2
2024-01-26 01:35:08 | INFO | __init__.py:2223 | [255300195] Reposting to another group
2024-01-26 01:35:22 | INFO | __init__.py:2223 | [255300195] Sending post to закладки
2024-01-26 01:35:22 | INFO | __init__.py:2223 | [255300195] Reposting to another group
2024-01-26 01:35:34 | INFO | __init__.py:2223 | [255300195] Reposting to another group
2024-01-26 01:44:47 | INFO | __init__.py:2223 | Started!
2024-01-26 01:44:53 | INFO | __init__.py:2223 | [255300195] Одноклассники
2024-01-26 01:45:03 | INFO | __init__.py:2223 | [255300195] Sending post to закладки2
2024-01-26 01:45:04 | INFO | __init__.py:2223 | [255300195] Reposting to another group
2024-01-26 01:45:18 | INFO | __init__.py:2223 | [255300195] Sending post to закладки
2024-01-26 01:45:18 | INFO | __init__.py:2223 | [255300195] Reposting to another group
2024-01-26 01:45:30 | INFO | __init__.py:2223 | [255300195] Reposting to another group
2024-01-26 01:45:36 | INFO | __init__.py:2223 | [255300195] All groups added
2024-01-26 01:45:36 | INFO | __init__.py:2223 | [255300195] Exiting...
2024-01-26 01:45:37 | INFO | __init__.py:2223 | Done. Exiting...
2024-01-26 01:46:16 | INFO | __init__.py:2223 | Started!
2024-01-26 02:41:07 | INFO | __init__.py:2223 | Started!
2024-01-26 02:41:19 | INFO | __init__.py:2223 | Started!
2024-01-26 02:41:40 | INFO | __init__.py:2223 | Started!
2024-01-26 02:41:46 | INFO | __init__.py:2223 | [255300195] Одноклассники
2024-01-26 02:41:53 | INFO | __init__.py:2223 | [255300195] Sending post to закладки2
2024-01-26 02:41:53 | INFO | __init__.py:2223 | [255300195] Reposting to another group
2024-01-26 02:41:55 | INFO | __init__.py:2223 | [255300195] All groups added
2024-01-26 02:41:55 | INFO | __init__.py:2223 | [255300195] Exiting...
2024-01-26 02:41:55 | INFO | __init__.py:2223 | Done. Exiting...
2024-01-26 02:44:09 | INFO | __init__.py:2223 | Started!
2024-01-26 02:44:18 | INFO | __init__.py:2223 | [255300195] Одноклассники
2024-01-26 02:44:24 | INFO | __init__.py:2223 | [255300195] Sending post to закладки2
2024-01-26 02:44:25 | INFO | __init__.py:2223 | [255300195] Reposting to another group
2024-01-26 02:44:28 | INFO | __init__.py:2223 | [255300195] All groups added
2024-01-26 02:44:28 | INFO | __init__.py:2223 | [255300195] Exiting...
2024-01-26 02:44:28 | INFO | __init__.py:2223 | Done. Exiting...
2024-01-26 02:44:56 | INFO | __init__.py:2223 | Started!
2024-01-26 02:45:02 | INFO | __init__.py:2223 | [255300195] Одноклассники
2024-01-26 02:45:09 | INFO | __init__.py:2223 | [255300195] Sending post to закладки2
2024-01-26 02:45:09 | INFO | __init__.py:2223 | [255300195] Reposting to another group
2024-01-26 02:45:19 | INFO | __init__.py:2223 | [255300195] Sending post to закладки
2024-01-26 02:45:19 | INFO | __init__.py:2223 | [255300195] Reposting to another group
2024-01-26 02:45:27 | INFO | __init__.py:2223 | [255300195] Reposting to another group
2024-01-26 02:45:33 | INFO | __init__.py:2223 | [255300195] All groups added
2024-01-26 02:45:33 | INFO | __init__.py:2223 | [255300195] Exiting...
2024-01-26 02:45:34 | INFO | __init__.py:2223 | Done. Exiting...
2024-01-26 02:45:55 | INFO | __init__.py:2223 | Started!
2024-01-26 02:46:09 | INFO | __init__.py:2223 | Started!
2024-01-26 02:46:15 | INFO | __init__.py:2223 | [255300195] Одноклассники
2024-01-26 02:46:21 | INFO | __init__.py:2223 | [255300195] Sending post to закладки2
2024-01-26 02:46:21 | INFO | __init__.py:2223 | [255300195] Reposting to another group
2024-01-26 02:46:31 | INFO | __init__.py:2223 | [255300195] Sending post to закладки
2024-01-26 02:46:31 | INFO | __init__.py:2223 | [255300195] Reposting to another group
2024-01-26 02:46:39 | INFO | __init__.py:2223 | [255300195] Reposting to another group
2024-01-26 02:46:46 | INFO | __init__.py:2223 | [255300195] All groups added
2024-01-26 02:46:46 | INFO | __init__.py:2223 | [255300195] Exiting...
2024-01-26 02:46:46 | INFO | __init__.py:2223 | Done. Exiting...
